Determining if the pthread_create exist failed with the following output:
Change Dir: /home/ariel/Ariel-Parallel-Examples-MAGIv2/04-CUDA/02-vector_multi/CMake/build/CMakeFiles/CMakeTmp

Run Build Command:"/usr/bin/make" "cmTC_76f95/fast"
/usr/bin/make -f CMakeFiles/cmTC_76f95.dir/build.make CMakeFiles/cmTC_76f95.dir/build
make[1]: se entra en el directorio '/home/ariel/Ariel-Parallel-Examples-MAGIv2/04-CUDA/02-vector_multi/CMake/build/CMakeFiles/CMakeTmp'
Building C object CMakeFiles/cmTC_76f95.dir/CheckSymbolExists.c.o
/usr/bin/cc    -fPIC    -o CMakeFiles/cmTC_76f95.dir/CheckSymbolExists.c.o   -c /home/ariel/Ariel-Parallel-Examples-MAGIv2/04-CUDA/02-vector_multi/CMake/build/CMakeFiles/CMakeTmp/CheckSymbolExists.c
Linking C executable cmTC_76f95
/usr/bin/cmake -E cmake_link_script CMakeFiles/cmTC_76f95.dir/link.txt --verbose=1
/usr/bin/cc  -fPIC     CMakeFiles/cmTC_76f95.dir/CheckSymbolExists.c.o  -o cmTC_76f95 -rdynamic 
CMakeFiles/cmTC_76f95.dir/CheckSymbolExists.c.o: En la función `main':
CheckSymbolExists.c:(.text+0x1b): referencia a `pthread_create' sin definir
collect2: error: ld returned 1 exit status
CMakeFiles/cmTC_76f95.dir/build.make:97: fallo en las instrucciones para el objetivo 'cmTC_76f95'
make[1]: *** [cmTC_76f95] Error 1
make[1]: se sale del directorio '/home/ariel/Ariel-Parallel-Examples-MAGIv2/04-CUDA/02-vector_multi/CMake/build/CMakeFiles/CMakeTmp'
Makefile:126: fallo en las instrucciones para el objetivo 'cmTC_76f95/fast'
make: *** [cmTC_76f95/fast] Error 2

File /home/ariel/Ariel-Parallel-Examples-MAGIv2/04-CUDA/02-vector_multi/CMake/build/CMakeFiles/CMakeTmp/CheckSymbolExists.c:
/* */
#include <pthread.h>

int main(int argc, char** argv)
{
  (void)argv;
#ifndef pthread_create
  return ((int*)(&pthread_create))[argc];
#else
  (void)argc;
  return 0;
#endif
}

Determining if the function pthread_create exists in the pthreads failed with the following output:
Change Dir: /home/ariel/Ariel-Parallel-Examples-MAGIv2/04-CUDA/02-vector_multi/CMake/build/CMakeFiles/CMakeTmp

Run Build Command:"/usr/bin/make" "cmTC_7100a/fast"
/usr/bin/make -f CMakeFiles/cmTC_7100a.dir/build.make CMakeFiles/cmTC_7100a.dir/build
make[1]: se entra en el directorio '/home/ariel/Ariel-Parallel-Examples-MAGIv2/04-CUDA/02-vector_multi/CMake/build/CMakeFiles/CMakeTmp'
Building C object CMakeFiles/cmTC_7100a.dir/CheckFunctionExists.c.o
/usr/bin/cc    -fPIC -DCHECK_FUNCTION_EXISTS=pthread_create   -o CMakeFiles/cmTC_7100a.dir/CheckFunctionExists.c.o   -c /usr/share/cmake-3.5/Modules/CheckFunctionExists.c
Linking C executable cmTC_7100a
/usr/bin/cmake -E cmake_link_script CMakeFiles/cmTC_7100a.dir/link.txt --verbose=1
/usr/bin/cc  -fPIC -DCHECK_FUNCTION_EXISTS=pthread_create    CMakeFiles/cmTC_7100a.dir/CheckFunctionExists.c.o  -o cmTC_7100a -rdynamic -lpthreads 
/usr/bin/ld: no se puede encontrar -lpthreads
collect2: error: ld returned 1 exit status
CMakeFiles/cmTC_7100a.dir/build.make:97: fallo en las instrucciones para el objetivo 'cmTC_7100a'
make[1]: *** [cmTC_7100a] Error 1
make[1]: se sale del directorio '/home/ariel/Ariel-Parallel-Examples-MAGIv2/04-CUDA/02-vector_multi/CMake/build/CMakeFiles/CMakeTmp'
Makefile:126: fallo en las instrucciones para el objetivo 'cmTC_7100a/fast'
make: *** [cmTC_7100a/fast] Error 2


